{"/Users/lee/webstudy/WebOrder/app.js":{"path":"/Users/lee/webstudy/WebOrder/app.js","s":{"1":1,"2":1,"3":1,"4":1,"5":1,"6":1,"7":1,"8":1,"9":1,"10":1,"11":1,"12":1,"13":1,"14":1,"15":1,"16":1,"17":1,"18":1,"19":1,"20":1,"21":1,"22":1,"23":1,"24":1,"25":0,"26":0,"27":0,"28":1,"29":1,"30":1,"31":1,"32":1,"33":1,"34":0,"35":0,"36":0,"37":1,"38":1,"39":0,"40":0,"41":1,"42":0,"43":0,"44":1,"45":1,"46":1},"b":{"1":[1,1],"2":[0,0],"3":[1,0],"4":[0,0],"5":[0,0]},"f":{"1":0,"2":0,"3":0,"4":0,"5":1},"fnMap":{"1":{"name":"(anonymous_1)","line":58,"loc":{"start":{"line":58,"column":8},"end":{"line":58,"column":33}}},"2":{"name":"(anonymous_2)","line":75,"loc":{"start":{"line":75,"column":8},"end":{"line":75,"column":33}}},"3":{"name":"(anonymous_3)","line":86,"loc":{"start":{"line":86,"column":10},"end":{"line":86,"column":40}}},"4":{"name":"(anonymous_4)","line":97,"loc":{"start":{"line":97,"column":8},"end":{"line":97,"column":38}}},"5":{"name":"(anonymous_5)","line":105,"loc":{"start":{"line":105,"column":17},"end":{"line":105,"column":29}}}},"statementMap":{"1":{"start":{"line":1,"column":0},"end":{"line":1,"column":33}},"2":{"start":{"line":2,"column":0},"end":{"line":2,"column":27}},"3":{"start":{"line":3,"column":0},"end":{"line":3,"column":39}},"4":{"start":{"line":4,"column":0},"end":{"line":4,"column":31}},"5":{"start":{"line":5,"column":0},"end":{"line":5,"column":44}},"6":{"start":{"line":6,"column":0},"end":{"line":6,"column":40}},"7":{"start":{"line":8,"column":0},"end":{"line":8,"column":36}},"8":{"start":{"line":11,"column":0},"end":{"line":11,"column":38}},"9":{"start":{"line":12,"column":0},"end":{"line":12,"column":50}},"10":{"start":{"line":13,"column":0},"end":{"line":13,"column":42}},"11":{"start":{"line":14,"column":0},"end":{"line":14,"column":52}},"12":{"start":{"line":15,"column":0},"end":{"line":15,"column":56}},"13":{"start":{"line":16,"column":0},"end":{"line":16,"column":40}},"14":{"start":{"line":18,"column":0},"end":{"line":18,"column":20}},"15":{"start":{"line":21,"column":0},"end":{"line":21,"column":48}},"16":{"start":{"line":22,"column":0},"end":{"line":22,"column":31}},"17":{"start":{"line":25,"column":0},"end":{"line":25,"column":64}},"18":{"start":{"line":26,"column":0},"end":{"line":26,"column":23}},"19":{"start":{"line":27,"column":0},"end":{"line":27,"column":27}},"20":{"start":{"line":28,"column":0},"end":{"line":28,"column":51}},"21":{"start":{"line":30,"column":0},"end":{"line":30,"column":24}},"22":{"start":{"line":35,"column":0},"end":{"line":35,"column":56}},"23":{"start":{"line":56,"column":0},"end":{"line":56,"column":20}},"24":{"start":{"line":58,"column":0},"end":{"line":63,"column":3}},"25":{"start":{"line":59,"column":2},"end":{"line":61,"column":3}},"26":{"start":{"line":60,"column":4},"end":{"line":60,"column":22}},"27":{"start":{"line":62,"column":2},"end":{"line":62,"column":9}},"28":{"start":{"line":65,"column":0},"end":{"line":65,"column":37}},"29":{"start":{"line":66,"column":0},"end":{"line":66,"column":29}},"30":{"start":{"line":67,"column":0},"end":{"line":67,"column":43}},"31":{"start":{"line":70,"column":0},"end":{"line":70,"column":39}},"32":{"start":{"line":72,"column":0},"end":{"line":72,"column":27}},"33":{"start":{"line":75,"column":0},"end":{"line":79,"column":3}},"34":{"start":{"line":76,"column":2},"end":{"line":76,"column":35}},"35":{"start":{"line":77,"column":2},"end":{"line":77,"column":19}},"36":{"start":{"line":78,"column":2},"end":{"line":78,"column":12}},"37":{"start":{"line":85,"column":0},"end":{"line":93,"column":1}},"38":{"start":{"line":86,"column":2},"end":{"line":92,"column":5}},"39":{"start":{"line":87,"column":4},"end":{"line":87,"column":34}},"40":{"start":{"line":88,"column":4},"end":{"line":91,"column":7}},"41":{"start":{"line":97,"column":0},"end":{"line":103,"column":3}},"42":{"start":{"line":98,"column":2},"end":{"line":98,"column":32}},"43":{"start":{"line":99,"column":2},"end":{"line":102,"column":5}},"44":{"start":{"line":105,"column":0},"end":{"line":107,"column":3}},"45":{"start":{"line":106,"column":2},"end":{"line":106,"column":44}},"46":{"start":{"line":109,"column":0},"end":{"line":109,"column":21}}},"branchMap":{"1":{"line":8,"type":"binary-expr","locations":[{"start":{"line":8,"column":11},"end":{"line":8,"column":27}},{"start":{"line":8,"column":31},"end":{"line":8,"column":35}}]},"2":{"line":59,"type":"if","locations":[{"start":{"line":59,"column":2},"end":{"line":59,"column":2}},{"start":{"line":59,"column":2},"end":{"line":59,"column":2}}]},"3":{"line":85,"type":"if","locations":[{"start":{"line":85,"column":0},"end":{"line":85,"column":0}},{"start":{"line":85,"column":0},"end":{"line":85,"column":0}}]},"4":{"line":87,"type":"binary-expr","locations":[{"start":{"line":87,"column":15},"end":{"line":87,"column":25}},{"start":{"line":87,"column":29},"end":{"line":87,"column":32}}]},"5":{"line":98,"type":"binary-expr","locations":[{"start":{"line":98,"column":13},"end":{"line":98,"column":23}},{"start":{"line":98,"column":27},"end":{"line":98,"column":30}}]}}},"/Users/lee/webstudy/WebOrder/routes/index.js":{"path":"/Users/lee/webstudy/WebOrder/routes/index.js","s":{"1":1,"2":1,"3":1,"4":1,"5":0,"6":0,"7":0,"8":0,"9":0,"10":0,"11":0,"12":0,"13":0,"14":0,"15":1,"16":1,"17":1,"18":0,"19":0,"20":0,"21":0,"22":0,"23":0,"24":0,"25":0,"26":0,"27":0,"28":0,"29":0,"30":0,"31":0,"32":0,"33":0,"34":0,"35":0,"36":0,"37":1},"b":{"1":[0,0],"2":[0,0],"3":[0,0],"4":[0,0],"5":[0,0],"6":[0,0,0,0]},"f":{"1":0,"2":0,"3":0,"4":0,"5":0,"6":1,"7":0,"8":0},"fnMap":{"1":{"name":"(anonymous_1)","line":11,"loc":{"start":{"line":11,"column":20},"end":{"line":11,"column":43}}},"2":{"name":"(anonymous_2)","line":12,"loc":{"start":{"line":12,"column":35},"end":{"line":12,"column":50}}},"3":{"name":"(anonymous_3)","line":15,"loc":{"start":{"line":15,"column":20},"end":{"line":15,"column":37}}},"4":{"name":"(anonymous_4)","line":18,"loc":{"start":{"line":18,"column":19},"end":{"line":18,"column":31}}},"5":{"name":"(anonymous_5)","line":21,"loc":{"start":{"line":21,"column":21},"end":{"line":21,"column":34}}},"6":{"name":"(anonymous_6)","line":36,"loc":{"start":{"line":36,"column":16},"end":{"line":36,"column":42}}},"7":{"name":"(anonymous_7)","line":43,"loc":{"start":{"line":43,"column":17},"end":{"line":43,"column":43}}},"8":{"name":"(anonymous_8)","line":54,"loc":{"start":{"line":54,"column":26},"end":{"line":54,"column":47}}}},"statementMap":{"1":{"start":{"line":1,"column":0},"end":{"line":1,"column":33}},"2":{"start":{"line":2,"column":0},"end":{"line":2,"column":30}},"3":{"start":{"line":3,"column":0},"end":{"line":3,"column":27}},"4":{"start":{"line":11,"column":1},"end":{"line":26,"column":3}},"5":{"start":{"line":12,"column":3},"end":{"line":24,"column":6}},"6":{"start":{"line":13,"column":5},"end":{"line":13,"column":19}},"7":{"start":{"line":14,"column":5},"end":{"line":14,"column":29}},"8":{"start":{"line":15,"column":5},"end":{"line":17,"column":8}},"9":{"start":{"line":16,"column":7},"end":{"line":16,"column":21}},"10":{"start":{"line":18,"column":5},"end":{"line":20,"column":8}},"11":{"start":{"line":19,"column":7},"end":{"line":19,"column":22}},"12":{"start":{"line":21,"column":5},"end":{"line":23,"column":8}},"13":{"start":{"line":22,"column":7},"end":{"line":22,"column":13}},"14":{"start":{"line":25,"column":3},"end":{"line":25,"column":13}},"15":{"start":{"line":36,"column":0},"end":{"line":38,"column":3}},"16":{"start":{"line":37,"column":2},"end":{"line":37,"column":37}},"17":{"start":{"line":43,"column":0},"end":{"line":83,"column":3}},"18":{"start":{"line":44,"column":2},"end":{"line":44,"column":37}},"19":{"start":{"line":45,"column":2},"end":{"line":45,"column":36}},"20":{"start":{"line":47,"column":2},"end":{"line":81,"column":3}},"21":{"start":{"line":48,"column":4},"end":{"line":53,"column":6}},"22":{"start":{"line":54,"column":4},"end":{"line":78,"column":7}},"23":{"start":{"line":56,"column":6},"end":{"line":77,"column":7}},"24":{"start":{"line":57,"column":8},"end":{"line":57,"column":53}},"25":{"start":{"line":61,"column":8},"end":{"line":61,"column":32}},"26":{"start":{"line":62,"column":8},"end":{"line":76,"column":9}},"27":{"start":{"line":64,"column":12},"end":{"line":64,"column":46}},"28":{"start":{"line":65,"column":12},"end":{"line":65,"column":41}},"29":{"start":{"line":66,"column":12},"end":{"line":66,"column":18}},"30":{"start":{"line":68,"column":12},"end":{"line":68,"column":50}},"31":{"start":{"line":69,"column":12},"end":{"line":69,"column":18}},"32":{"start":{"line":71,"column":12},"end":{"line":71,"column":48}},"33":{"start":{"line":72,"column":12},"end":{"line":72,"column":18}},"34":{"start":{"line":74,"column":12},"end":{"line":74,"column":51}},"35":{"start":{"line":75,"column":12},"end":{"line":75,"column":18}},"36":{"start":{"line":80,"column":4},"end":{"line":80,"column":44}},"37":{"start":{"line":86,"column":0},"end":{"line":86,"column":24}}},"branchMap":{"1":{"line":44,"type":"binary-expr","locations":[{"start":{"line":44,"column":13},"end":{"line":44,"column":30}},{"start":{"line":44,"column":34},"end":{"line":44,"column":36}}]},"2":{"line":45,"type":"binary-expr","locations":[{"start":{"line":45,"column":12},"end":{"line":45,"column":29}},{"start":{"line":45,"column":33},"end":{"line":45,"column":35}}]},"3":{"line":47,"type":"if","locations":[{"start":{"line":47,"column":2},"end":{"line":47,"column":2}},{"start":{"line":47,"column":2},"end":{"line":47,"column":2}}]},"4":{"line":47,"type":"binary-expr","locations":[{"start":{"line":47,"column":6},"end":{"line":47,"column":17}},{"start":{"line":47,"column":21},"end":{"line":47,"column":31}}]},"5":{"line":56,"type":"if","locations":[{"start":{"line":56,"column":6},"end":{"line":56,"column":6}},{"start":{"line":56,"column":6},"end":{"line":56,"column":6}}]},"6":{"line":62,"type":"switch","locations":[{"start":{"line":63,"column":10},"end":{"line":66,"column":18}},{"start":{"line":67,"column":10},"end":{"line":69,"column":18}},{"start":{"line":70,"column":10},"end":{"line":72,"column":18}},{"start":{"line":73,"column":10},"end":{"line":75,"column":18}}]}}},"/Users/lee/webstudy/WebOrder/routes/productlist.js":{"path":"/Users/lee/webstudy/WebOrder/routes/productlist.js","s":{"1":1,"2":1,"3":1,"4":1,"5":0,"6":0,"7":0,"8":0,"9":0,"10":0,"11":0,"12":0,"13":0,"14":0,"15":0,"16":0,"17":1,"18":0,"19":0,"20":0,"21":0,"22":0,"23":0,"24":0,"25":1},"b":{"1":[0,0]},"f":{"1":0,"2":0,"3":0,"4":0,"5":0,"6":0,"7":0},"fnMap":{"1":{"name":"(anonymous_1)","line":9,"loc":{"start":{"line":9,"column":19},"end":{"line":9,"column":42}}},"2":{"name":"(anonymous_2)","line":11,"loc":{"start":{"line":11,"column":34},"end":{"line":11,"column":49}}},"3":{"name":"(anonymous_3)","line":15,"loc":{"start":{"line":15,"column":19},"end":{"line":15,"column":36}}},"4":{"name":"(anonymous_4)","line":18,"loc":{"start":{"line":18,"column":18},"end":{"line":18,"column":30}}},"5":{"name":"(anonymous_5)","line":21,"loc":{"start":{"line":21,"column":20},"end":{"line":21,"column":33}}},"6":{"name":"(anonymous_6)","line":29,"loc":{"start":{"line":29,"column":15},"end":{"line":29,"column":35}}},"7":{"name":"(anonymous_7)","line":36,"loc":{"start":{"line":36,"column":24},"end":{"line":36,"column":45}}}},"statementMap":{"1":{"start":{"line":2,"column":0},"end":{"line":2,"column":33}},"2":{"start":{"line":3,"column":0},"end":{"line":3,"column":30}},"3":{"start":{"line":4,"column":0},"end":{"line":4,"column":27}},"4":{"start":{"line":9,"column":0},"end":{"line":26,"column":2}},"5":{"start":{"line":10,"column":2},"end":{"line":10,"column":42}},"6":{"start":{"line":11,"column":2},"end":{"line":24,"column":5}},"7":{"start":{"line":12,"column":4},"end":{"line":12,"column":55}},"8":{"start":{"line":13,"column":4},"end":{"line":13,"column":18}},"9":{"start":{"line":14,"column":4},"end":{"line":14,"column":28}},"10":{"start":{"line":15,"column":4},"end":{"line":17,"column":7}},"11":{"start":{"line":16,"column":6},"end":{"line":16,"column":20}},"12":{"start":{"line":18,"column":4},"end":{"line":20,"column":7}},"13":{"start":{"line":19,"column":6},"end":{"line":19,"column":21}},"14":{"start":{"line":21,"column":4},"end":{"line":23,"column":7}},"15":{"start":{"line":22,"column":6},"end":{"line":22,"column":12}},"16":{"start":{"line":25,"column":2},"end":{"line":25,"column":12}},"17":{"start":{"line":29,"column":0},"end":{"line":45,"column":3}},"18":{"start":{"line":30,"column":2},"end":{"line":35,"column":4}},"19":{"start":{"line":36,"column":2},"end":{"line":44,"column":5}},"20":{"start":{"line":37,"column":4},"end":{"line":43,"column":5}},"21":{"start":{"line":38,"column":6},"end":{"line":38,"column":23}},"22":{"start":{"line":40,"column":6},"end":{"line":40,"column":30}},"23":{"start":{"line":41,"column":6},"end":{"line":41,"column":24}},"24":{"start":{"line":42,"column":6},"end":{"line":42,"column":116}},"25":{"start":{"line":49,"column":0},"end":{"line":49,"column":24}}},"branchMap":{"1":{"line":37,"type":"if","locations":[{"start":{"line":37,"column":4},"end":{"line":37,"column":4}},{"start":{"line":37,"column":4},"end":{"line":37,"column":4}}]}}},"/Users/lee/webstudy/WebOrder/routes/product.js":{"path":"/Users/lee/webstudy/WebOrder/routes/product.js","s":{"1":1,"2":1,"3":1,"4":1,"5":0,"6":0,"7":0,"8":0,"9":0,"10":0,"11":0,"12":1,"13":0,"14":0,"15":0,"16":0,"17":0,"18":0,"19":0,"20":0,"21":0,"22":1},"b":{"1":[0,0],"2":[0,0],"3":[0,0]},"f":{"1":0,"2":0,"3":0,"4":0,"5":0,"6":0},"fnMap":{"1":{"name":"(anonymous_1)","line":9,"loc":{"start":{"line":9,"column":19},"end":{"line":9,"column":42}}},"2":{"name":"(anonymous_2)","line":10,"loc":{"start":{"line":10,"column":34},"end":{"line":10,"column":49}}},"3":{"name":"(anonymous_3)","line":12,"loc":{"start":{"line":12,"column":19},"end":{"line":12,"column":36}}},"4":{"name":"(anonymous_4)","line":15,"loc":{"start":{"line":15,"column":20},"end":{"line":15,"column":33}}},"5":{"name":"(anonymous_5)","line":24,"loc":{"start":{"line":24,"column":16},"end":{"line":24,"column":36}}},"6":{"name":"(anonymous_6)","line":35,"loc":{"start":{"line":35,"column":26},"end":{"line":35,"column":47}}}},"statementMap":{"1":{"start":{"line":2,"column":0},"end":{"line":2,"column":33}},"2":{"start":{"line":3,"column":0},"end":{"line":3,"column":30}},"3":{"start":{"line":4,"column":0},"end":{"line":4,"column":27}},"4":{"start":{"line":9,"column":0},"end":{"line":20,"column":2}},"5":{"start":{"line":10,"column":2},"end":{"line":18,"column":5}},"6":{"start":{"line":11,"column":4},"end":{"line":11,"column":28}},"7":{"start":{"line":12,"column":4},"end":{"line":14,"column":7}},"8":{"start":{"line":13,"column":6},"end":{"line":13,"column":22}},"9":{"start":{"line":15,"column":4},"end":{"line":17,"column":7}},"10":{"start":{"line":16,"column":6},"end":{"line":16,"column":12}},"11":{"start":{"line":19,"column":2},"end":{"line":19,"column":12}},"12":{"start":{"line":24,"column":0},"end":{"line":44,"column":3}},"13":{"start":{"line":25,"column":2},"end":{"line":25,"column":30}},"14":{"start":{"line":26,"column":2},"end":{"line":43,"column":3}},"15":{"start":{"line":27,"column":4},"end":{"line":27,"column":38}},"16":{"start":{"line":29,"column":4},"end":{"line":34,"column":6}},"17":{"start":{"line":35,"column":4},"end":{"line":42,"column":7}},"18":{"start":{"line":36,"column":6},"end":{"line":41,"column":7}},"19":{"start":{"line":37,"column":8},"end":{"line":37,"column":25}},"20":{"start":{"line":38,"column":8},"end":{"line":38,"column":42}},"21":{"start":{"line":40,"column":8},"end":{"line":40,"column":47}},"22":{"start":{"line":47,"column":0},"end":{"line":47,"column":24}}},"branchMap":{"1":{"line":25,"type":"binary-expr","locations":[{"start":{"line":25,"column":11},"end":{"line":25,"column":23}},{"start":{"line":25,"column":27},"end":{"line":25,"column":29}}]},"2":{"line":26,"type":"if","locations":[{"start":{"line":26,"column":2},"end":{"line":26,"column":2}},{"start":{"line":26,"column":2},"end":{"line":26,"column":2}}]},"3":{"line":36,"type":"if","locations":[{"start":{"line":36,"column":6},"end":{"line":36,"column":6}},{"start":{"line":36,"column":6},"end":{"line":36,"column":6}}]}}},"/Users/lee/webstudy/WebOrder/routes/orderhistory.js":{"path":"/Users/lee/webstudy/WebOrder/routes/orderhistory.js","s":{"1":1,"2":1,"3":1,"4":1,"5":1,"6":0,"7":0,"8":0,"9":0,"10":0,"11":0,"12":0,"13":0,"14":0,"15":0,"16":0,"17":0,"18":1,"19":0,"20":0,"21":0,"22":0,"23":0,"24":0,"25":1,"26":0,"27":0,"28":0,"29":0,"30":0,"31":0,"32":0,"33":1},"b":{"1":[0,0],"2":[0,0],"3":[0,0],"4":[0,0],"5":[0,0]},"f":{"1":0,"2":0,"3":0,"4":0,"5":0,"6":0,"7":0,"8":0,"9":0},"fnMap":{"1":{"name":"(anonymous_1)","line":13,"loc":{"start":{"line":13,"column":20},"end":{"line":13,"column":43}}},"2":{"name":"(anonymous_2)","line":15,"loc":{"start":{"line":15,"column":41},"end":{"line":15,"column":56}}},"3":{"name":"(anonymous_3)","line":17,"loc":{"start":{"line":17,"column":19},"end":{"line":17,"column":36}}},"4":{"name":"(anonymous_4)","line":20,"loc":{"start":{"line":20,"column":18},"end":{"line":20,"column":30}}},"5":{"name":"(anonymous_5)","line":24,"loc":{"start":{"line":24,"column":18},"end":{"line":24,"column":31}}},"6":{"name":"(anonymous_6)","line":43,"loc":{"start":{"line":43,"column":16},"end":{"line":43,"column":36}}},"7":{"name":"(anonymous_7)","line":52,"loc":{"start":{"line":52,"column":24},"end":{"line":52,"column":45}}},"8":{"name":"(anonymous_8)","line":65,"loc":{"start":{"line":65,"column":17},"end":{"line":65,"column":37}}},"9":{"name":"(anonymous_9)","line":81,"loc":{"start":{"line":81,"column":26},"end":{"line":81,"column":47}}}},"statementMap":{"1":{"start":{"line":3,"column":0},"end":{"line":3,"column":33}},"2":{"start":{"line":4,"column":0},"end":{"line":4,"column":30}},"3":{"start":{"line":5,"column":0},"end":{"line":5,"column":27}},"4":{"start":{"line":6,"column":0},"end":{"line":6,"column":41}},"5":{"start":{"line":13,"column":0},"end":{"line":32,"column":2}},"6":{"start":{"line":14,"column":2},"end":{"line":14,"column":16}},"7":{"start":{"line":15,"column":2},"end":{"line":23,"column":5}},"8":{"start":{"line":16,"column":4},"end":{"line":16,"column":28}},"9":{"start":{"line":17,"column":4},"end":{"line":19,"column":7}},"10":{"start":{"line":18,"column":6},"end":{"line":18,"column":20}},"11":{"start":{"line":20,"column":4},"end":{"line":22,"column":7}},"12":{"start":{"line":21,"column":6},"end":{"line":21,"column":21}},"13":{"start":{"line":24,"column":2},"end":{"line":26,"column":5}},"14":{"start":{"line":25,"column":4},"end":{"line":25,"column":10}},"15":{"start":{"line":27,"column":2},"end":{"line":30,"column":3}},"16":{"start":{"line":29,"column":4},"end":{"line":29,"column":28}},"17":{"start":{"line":31,"column":2},"end":{"line":31,"column":12}},"18":{"start":{"line":43,"column":0},"end":{"line":60,"column":3}},"19":{"start":{"line":44,"column":2},"end":{"line":51,"column":4}},"20":{"start":{"line":52,"column":2},"end":{"line":59,"column":5}},"21":{"start":{"line":53,"column":4},"end":{"line":58,"column":5}},"22":{"start":{"line":54,"column":6},"end":{"line":54,"column":46}},"23":{"start":{"line":56,"column":6},"end":{"line":56,"column":30}},"24":{"start":{"line":57,"column":6},"end":{"line":57,"column":116}},"25":{"start":{"line":65,"column":0},"end":{"line":90,"column":3}},"26":{"start":{"line":66,"column":2},"end":{"line":66,"column":35}},"27":{"start":{"line":67,"column":2},"end":{"line":89,"column":3}},"28":{"start":{"line":68,"column":4},"end":{"line":79,"column":6}},"29":{"start":{"line":81,"column":4},"end":{"line":88,"column":7}},"30":{"start":{"line":82,"column":6},"end":{"line":87,"column":7}},"31":{"start":{"line":83,"column":8},"end":{"line":83,"column":58}},"32":{"start":{"line":86,"column":8},"end":{"line":86,"column":22}},"33":{"start":{"line":92,"column":0},"end":{"line":92,"column":24}}},"branchMap":{"1":{"line":27,"type":"if","locations":[{"start":{"line":27,"column":2},"end":{"line":27,"column":2}},{"start":{"line":27,"column":2},"end":{"line":27,"column":2}}]},"2":{"line":53,"type":"if","locations":[{"start":{"line":53,"column":4},"end":{"line":53,"column":4}},{"start":{"line":53,"column":4},"end":{"line":53,"column":4}}]},"3":{"line":66,"type":"binary-expr","locations":[{"start":{"line":66,"column":14},"end":{"line":66,"column":28}},{"start":{"line":66,"column":32},"end":{"line":66,"column":34}}]},"4":{"line":67,"type":"if","locations":[{"start":{"line":67,"column":2},"end":{"line":67,"column":2}},{"start":{"line":67,"column":2},"end":{"line":67,"column":2}}]},"5":{"line":82,"type":"if","locations":[{"start":{"line":82,"column":6},"end":{"line":82,"column":6}},{"start":{"line":82,"column":6},"end":{"line":82,"column":6}}]}}},"/Users/lee/webstudy/WebOrder/routes/shoppingbasket.js":{"path":"/Users/lee/webstudy/WebOrder/routes/shoppingbasket.js","s":{"1":1,"2":1,"3":1,"4":0,"5":0,"6":1},"b":{},"f":{"1":0},"fnMap":{"1":{"name":"(anonymous_1)","line":5,"loc":{"start":{"line":5,"column":16},"end":{"line":5,"column":36}}}},"statementMap":{"1":{"start":{"line":2,"column":0},"end":{"line":2,"column":33}},"2":{"start":{"line":3,"column":0},"end":{"line":3,"column":30}},"3":{"start":{"line":5,"column":0},"end":{"line":8,"column":3}},"4":{"start":{"line":6,"column":2},"end":{"line":6,"column":34}},"5":{"start":{"line":7,"column":2},"end":{"line":7,"column":98}},"6":{"start":{"line":11,"column":0},"end":{"line":11,"column":24}}},"branchMap":{}},"/Users/lee/webstudy/WebOrder/routes/logout.js":{"path":"/Users/lee/webstudy/WebOrder/routes/logout.js","s":{"1":1,"2":1,"3":1,"4":1,"5":0,"6":0,"7":1},"b":{},"f":{"1":0},"fnMap":{"1":{"name":"(anonymous_1)","line":6,"loc":{"start":{"line":6,"column":16},"end":{"line":6,"column":36}}}},"statementMap":{"1":{"start":{"line":2,"column":0},"end":{"line":2,"column":33}},"2":{"start":{"line":3,"column":0},"end":{"line":3,"column":30}},"3":{"start":{"line":4,"column":0},"end":{"line":4,"column":27}},"4":{"start":{"line":6,"column":0},"end":{"line":9,"column":3}},"5":{"start":{"line":7,"column":2},"end":{"line":7,"column":43}},"6":{"start":{"line":8,"column":2},"end":{"line":8,"column":20}},"7":{"start":{"line":12,"column":0},"end":{"line":12,"column":24}}},"branchMap":{}}}